<?xml version="1.0" encoding="UTF-8"?>
<!-- Generated by org.testng.reporters.JUnitXMLReporter -->
<testsuite ignored="0" hostname="user" failures="0" tests="9" name="Default test" time="2.243" errors="0" timestamp="2022-08-16T00:28:40 IST">
  <testcase classname="tectNG.GroupingTest" name="apple7" time="0.03"/>
  <testcase classname="tectNG.GroupingTest" name="appleSE" time="0.005"/>
  <testcase classname="tectNG.GroupingTest" name="htc760" time="0.006"/>
  <testcase classname="tectNG.GroupingTest" name="htc820" time="0.005"/>
  <testcase classname="tectNG.GroupingTest" name="motoG5" time="0.003"/>
  <testcase classname="tectNG.GroupingTest" name="motoXplay" time="0.005"/>
  <testcase classname="tectNG.GroupingTest" name="nokia1100" time="0.003"/>
  <testcase classname="tectNG.GroupingTest" name="nokia2700" time="0.004"/>
  <testcase classname="tectNG.GroupingTest" name="timeTest" time="2.011"/>
</testsuite> <!-- Default test -->
